Analysis & Synthesis report for Adder
Sat Mar 28 12:17:48 2015
Quartus II 64-Bit Version 13.1.0 Build 162 10/23/2013 SJ Web Edition


---------------------
; Table of Contents ;
---------------------
  1. Legal Notice
  2. Analysis & Synthesis Summary
  3. Analysis & Synthesis Settings
  4. Parallel Compilation
  5. Analysis & Synthesis Source Files Read
  6. Analysis & Synthesis Resource Usage Summary
  7. Analysis & Synthesis Resource Utilization by Entity
  8. State Machine - |Adder|Scan_Chain:SC|current_state
  9. User-Specified and Inferred Latches
 10. General Register Statistics
 11. Multiplexer Restructuring Statistics (Restructuring Performed)
 12. Parameter Settings for User Entity Instance: Scan_Chain:SC
 13. Parameter Settings for User Entity Instance: Scan_Chain:SC|Scan_Reg:In_Reg
 14. Parameter Settings for User Entity Instance: Scan_Chain:SC|Scan_Reg:Out_Reg
 15. Port Connectivity Checks: "Counter:DUT"
 16. Port Connectivity Checks: "Scan_Chain:SC|Scan_Reg:Out_Reg"
 17. Port Connectivity Checks: "Scan_Chain:SC|Scan_Reg:In_Reg"
 18. Elapsed Time Per Partition
 19. Analysis & Synthesis Messages



----------------
; Legal Notice ;
----------------
Copyright (C) 1991-2013 Altera Corporation
Your use of Altera Corporation's design tools, logic functions 
and other software and tools, and its AMPP partner logic 
functions, and any output files from any of the foregoing 
(including device programming or simulation files), and any 
associated documentation or information are expressly subject 
to the terms and conditions of the Altera Program License 
Subscription Agreement, Altera MegaCore Function License 
Agreement, or other applicable license agreement, including, 
without limitation, that your use is for the sole purpose of 
programming logic devices manufactured by Altera and sold by 
Altera or its authorized distributors.  Please refer to the 
applicable agreement for further details.



+---------------------------------------------------------------------------------+
; Analysis & Synthesis Summary                                                    ;
+------------------------------------+--------------------------------------------+
; Analysis & Synthesis Status        ; Successful - Sat Mar 28 12:17:48 2015      ;
; Quartus II 64-Bit Version          ; 13.1.0 Build 162 10/23/2013 SJ Web Edition ;
; Revision Name                      ; Adder                                      ;
; Top-level Entity Name              ; Adder                                      ;
; Family                             ; Cyclone IV E                               ;
; Total logic elements               ; 36                                         ;
;     Total combinational functions  ; 36                                         ;
;     Dedicated logic registers      ; 25                                         ;
; Total registers                    ; 25                                         ;
; Total pins                         ; 15                                         ;
; Total virtual pins                 ; 0                                          ;
; Total memory bits                  ; 0                                          ;
; Embedded Multiplier 9-bit elements ; 0                                          ;
; Total PLLs                         ; 0                                          ;
+------------------------------------+--------------------------------------------+


+----------------------------------------------------------------------------------------------------------------------+
; Analysis & Synthesis Settings                                                                                        ;
+----------------------------------------------------------------------------+--------------------+--------------------+
; Option                                                                     ; Setting            ; Default Value      ;
+----------------------------------------------------------------------------+--------------------+--------------------+
; Device                                                                     ; EP4CE22F17C6       ;                    ;
; Top-level entity name                                                      ; Adder              ; Adder              ;
; Family name                                                                ; Cyclone IV E       ; Cyclone IV GX      ;
; Use smart compilation                                                      ; Off                ; Off                ;
; Enable parallel Assembler and TimeQuest Timing Analyzer during compilation ; On                 ; On                 ;
; Enable compact report table                                                ; Off                ; Off                ;
; Restructure Multiplexers                                                   ; Auto               ; Auto               ;
; Create Debugging Nodes for IP Cores                                        ; Off                ; Off                ;
; Preserve fewer node names                                                  ; On                 ; On                 ;
; Disable OpenCore Plus hardware evaluation                                  ; Off                ; Off                ;
; Verilog Version                                                            ; Verilog_2001       ; Verilog_2001       ;
; VHDL Version                                                               ; VHDL_1993          ; VHDL_1993          ;
; State Machine Processing                                                   ; Auto               ; Auto               ;
; Safe State Machine                                                         ; Off                ; Off                ;
; Extract Verilog State Machines                                             ; On                 ; On                 ;
; Extract VHDL State Machines                                                ; On                 ; On                 ;
; Ignore Verilog initial constructs                                          ; Off                ; Off                ;
; Iteration limit for constant Verilog loops                                 ; 5000               ; 5000               ;
; Iteration limit for non-constant Verilog loops                             ; 250                ; 250                ;
; Add Pass-Through Logic to Inferred RAMs                                    ; On                 ; On                 ;
; Infer RAMs from Raw Logic                                                  ; On                 ; On                 ;
; Parallel Synthesis                                                         ; On                 ; On                 ;
; DSP Block Balancing                                                        ; Auto               ; Auto               ;
; NOT Gate Push-Back                                                         ; On                 ; On                 ;
; Power-Up Don't Care                                                        ; On                 ; On                 ;
; Remove Redundant Logic Cells                                               ; Off                ; Off                ;
; Remove Duplicate Registers                                                 ; On                 ; On                 ;
; Ignore CARRY Buffers                                                       ; Off                ; Off                ;
; Ignore CASCADE Buffers                                                     ; Off                ; Off                ;
; Ignore GLOBAL Buffers                                                      ; Off                ; Off                ;
; Ignore ROW GLOBAL Buffers                                                  ; Off                ; Off                ;
; Ignore LCELL Buffers                                                       ; Off                ; Off                ;
; Ignore SOFT Buffers                                                        ; On                 ; On                 ;
; Limit AHDL Integers to 32 Bits                                             ; Off                ; Off                ;
; Optimization Technique                                                     ; Balanced           ; Balanced           ;
; Carry Chain Length                                                         ; 70                 ; 70                 ;
; Auto Carry Chains                                                          ; On                 ; On                 ;
; Auto Open-Drain Pins                                                       ; On                 ; On                 ;
; Perform WYSIWYG Primitive Resynthesis                                      ; Off                ; Off                ;
; Auto ROM Replacement                                                       ; On                 ; On                 ;
; Auto RAM Replacement                                                       ; On                 ; On                 ;
; Auto DSP Block Replacement                                                 ; On                 ; On                 ;
; Auto Shift Register Replacement                                            ; Auto               ; Auto               ;
; Allow Shift Register Merging across Hierarchies                            ; Auto               ; Auto               ;
; Auto Clock Enable Replacement                                              ; On                 ; On                 ;
; Strict RAM Replacement                                                     ; Off                ; Off                ;
; Allow Synchronous Control Signals                                          ; On                 ; On                 ;
; Force Use of Synchronous Clear Signals                                     ; Off                ; Off                ;
; Auto RAM Block Balancing                                                   ; On                 ; On                 ;
; Auto RAM to Logic Cell Conversion                                          ; Off                ; Off                ;
; Auto Resource Sharing                                                      ; Off                ; Off                ;
; Allow Any RAM Size For Recognition                                         ; Off                ; Off                ;
; Allow Any ROM Size For Recognition                                         ; Off                ; Off                ;
; Allow Any Shift Register Size For Recognition                              ; Off                ; Off                ;
; Use LogicLock Constraints during Resource Balancing                        ; On                 ; On                 ;
; Ignore translate_off and synthesis_off directives                          ; Off                ; Off                ;
; Timing-Driven Synthesis                                                    ; On                 ; On                 ;
; Report Parameter Settings                                                  ; On                 ; On                 ;
; Report Source Assignments                                                  ; On                 ; On                 ;
; Report Connectivity Checks                                                 ; On                 ; On                 ;
; Ignore Maximum Fan-Out Assignments                                         ; Off                ; Off                ;
; Synchronization Register Chain Length                                      ; 2                  ; 2                  ;
; PowerPlay Power Optimization                                               ; Normal compilation ; Normal compilation ;
; HDL message level                                                          ; Level2             ; Level2             ;
; Suppress Register Optimization Related Messages                            ; Off                ; Off                ;
; Number of Removed Registers Reported in Synthesis Report                   ; 5000               ; 5000               ;
; Number of Swept Nodes Reported in Synthesis Report                         ; 5000               ; 5000               ;
; Number of Inverted Registers Reported in Synthesis Report                  ; 100                ; 100                ;
; Clock MUX Protection                                                       ; On                 ; On                 ;
; Auto Gated Clock Conversion                                                ; Off                ; Off                ;
; Block Design Naming                                                        ; Auto               ; Auto               ;
; SDC constraint protection                                                  ; Off                ; Off                ;
; Synthesis Effort                                                           ; Auto               ; Auto               ;
; Shift Register Replacement - Allow Asynchronous Clear Signal               ; On                 ; On                 ;
; Pre-Mapping Resynthesis Optimization                                       ; Off                ; Off                ;
; Analysis & Synthesis Message Level                                         ; Medium             ; Medium             ;
; Disable Register Merging Across Hierarchies                                ; Auto               ; Auto               ;
; Resource Aware Inference For Block RAM                                     ; On                 ; On                 ;
; Synthesis Seed                                                             ; 1                  ; 1                  ;
+----------------------------------------------------------------------------+--------------------+--------------------+


Parallel compilation was disabled, but you have multiple processors available. Enable parallel compilation to reduce compilation time.
+-------------------------------------+
; Parallel Compilation                ;
+----------------------------+--------+
; Processors                 ; Number ;
+----------------------------+--------+
; Number detected on machine ; 4      ;
; Maximum allowed            ; 1      ;
+----------------------------+--------+


+-----------------------------------------------------------------------------------------------------------------------------------------+
; Analysis & Synthesis Source Files Read                                                                                                  ;
+----------------------------------+-----------------+-----------------+--------------------------------------------------------+---------+
; File Name with User-Entered Path ; Used in Netlist ; File Type       ; File Name with Absolute Path                           ; Library ;
+----------------------------------+-----------------+-----------------+--------------------------------------------------------+---------+
; Scan_Reg.vhd                     ; yes             ; User VHDL File  ; /home/titto/Desktop/Scan_Chain/De0-Nano/Scan_Reg.vhd   ;         ;
; Scan_Chain.vhd                   ; yes             ; User VHDL File  ; /home/titto/Desktop/Scan_Chain/De0-Nano/Scan_Chain.vhd ;         ;
; Counter.vhd                      ; yes             ; User VHDL File  ; /home/titto/Desktop/Scan_Chain/De0-Nano/Counter.vhd    ;         ;
; Adder.vhd                        ; yes             ; User VHDL File  ; /home/titto/Desktop/Scan_Chain/De0-Nano/Adder.vhd      ;         ;
+----------------------------------+-----------------+-----------------+--------------------------------------------------------+---------+


+----------------------------------------------------------+
; Analysis & Synthesis Resource Usage Summary              ;
+---------------------------------------------+------------+
; Resource                                    ; Usage      ;
+---------------------------------------------+------------+
; Estimated Total logic elements              ; 36         ;
;                                             ;            ;
; Total combinational functions               ; 36         ;
; Logic element usage by number of LUT inputs ;            ;
;     -- 4 input functions                    ; 10         ;
;     -- 3 input functions                    ; 14         ;
;     -- <=2 input functions                  ; 12         ;
;                                             ;            ;
; Logic elements by mode                      ;            ;
;     -- normal mode                          ; 29         ;
;     -- arithmetic mode                      ; 7          ;
;                                             ;            ;
; Total registers                             ; 25         ;
;     -- Dedicated logic registers            ; 25         ;
;     -- I/O registers                        ; 0          ;
;                                             ;            ;
; I/O pins                                    ; 15         ;
; Embedded Multiplier 9-bit elements          ; 0          ;
; Maximum fan-out node                        ; TRST~input ;
; Maximum fan-out                             ; 34         ;
; Total fan-out                               ; 212        ;
; Average fan-out                             ; 2.33       ;
+---------------------------------------------+------------+


+-----------------------------------------------------------------------------------------------------------------------------------------------------------------------------------------------+
; Analysis & Synthesis Resource Utilization by Entity                                                                                                                                           ;
+----------------------------+-------------------+--------------+-------------+--------------+---------+-----------+------+--------------+---------------------------------------+--------------+
; Compilation Hierarchy Node ; LC Combinationals ; LC Registers ; Memory Bits ; DSP Elements ; DSP 9x9 ; DSP 18x18 ; Pins ; Virtual Pins ; Full Hierarchy Name                   ; Library Name ;
+----------------------------+-------------------+--------------+-------------+--------------+---------+-----------+------+--------------+---------------------------------------+--------------+
; |Adder                     ; 36 (0)            ; 25 (0)       ; 0           ; 0            ; 0       ; 0         ; 15   ; 0            ; |Adder                                ; work         ;
;    |Counter:DUT|           ; 8 (8)             ; 8 (8)        ; 0           ; 0            ; 0       ; 0         ; 0    ; 0            ; |Adder|Counter:DUT                    ; work         ;
;    |Scan_Chain:SC|         ; 28 (11)           ; 17 (5)       ; 0           ; 0            ; 0       ; 0         ; 0    ; 0            ; |Adder|Scan_Chain:SC                  ; work         ;
;       |Scan_Reg:In_Reg|    ; 8 (8)             ; 4 (4)        ; 0           ; 0            ; 0       ; 0         ; 0    ; 0            ; |Adder|Scan_Chain:SC|Scan_Reg:In_Reg  ; work         ;
;       |Scan_Reg:Out_Reg|   ; 9 (9)             ; 8 (8)        ; 0           ; 0            ; 0       ; 0         ; 0    ; 0            ; |Adder|Scan_Chain:SC|Scan_Reg:Out_Reg ; work         ;
+----------------------------+-------------------+--------------+-------------+--------------+---------+-----------+------+--------------+---------------------------------------+--------------+
Note: For table entries with two numbers listed, the numbers in parentheses indicate the number of resources of the given type used by the specific entity alone. The numbers listed outside of parentheses indicate the total resources of the given type used by the specific entity and all of its sub-entities in the hierarchy.


Encoding Type:  One-Hot
+------------------------------------------------------------------------------------------------------------------------------------------------+
; State Machine - |Adder|Scan_Chain:SC|current_state                                                                                             ;
+-------------------------+------------------------+-----------------------+-------------------------+--------------------+----------------------+
; Name                    ; current_state.s_update ; current_state.s_shift ; current_state.s_capture ; current_state.s_DR ; current_state.s_idle ;
+-------------------------+------------------------+-----------------------+-------------------------+--------------------+----------------------+
; current_state.s_idle    ; 0                      ; 0                     ; 0                       ; 0                  ; 0                    ;
; current_state.s_DR      ; 0                      ; 0                     ; 0                       ; 1                  ; 1                    ;
; current_state.s_capture ; 0                      ; 0                     ; 1                       ; 0                  ; 1                    ;
; current_state.s_shift   ; 0                      ; 1                     ; 0                       ; 0                  ; 1                    ;
; current_state.s_update  ; 1                      ; 0                     ; 0                       ; 0                  ; 1                    ;
+-------------------------+------------------------+-----------------------+-------------------------+--------------------+----------------------+


+---------------------------------------------------------------------------------------------------+
; User-Specified and Inferred Latches                                                               ;
+----------------------------------------------------+---------------------+------------------------+
; Latch Name                                         ; Latch Enable Signal ; Free of Timing Hazards ;
+----------------------------------------------------+---------------------+------------------------+
; Scan_Chain:SC|next_state.s_update_131              ; TRST                ; yes                    ;
; Scan_Chain:SC|next_state.s_idle_159                ; TRST                ; yes                    ;
; Scan_Chain:SC|next_state.s_capture_145             ; TRST                ; yes                    ;
; Scan_Chain:SC|next_state.s_shift_138               ; TRST                ; yes                    ;
; Scan_Chain:SC|next_state.s_DR_152                  ; TRST                ; yes                    ;
; Number of user-specified and inferred latches = 5  ;                     ;                        ;
+----------------------------------------------------+---------------------+------------------------+
Note: All latches listed above may not be present at the end of synthesis due to various synthesis optimizations.


+------------------------------------------------------+
; General Register Statistics                          ;
+----------------------------------------------+-------+
; Statistic                                    ; Value ;
+----------------------------------------------+-------+
; Total registers                              ; 25    ;
; Number of registers using Synchronous Clear  ; 8     ;
; Number of registers using Synchronous Load   ; 0     ;
; Number of registers using Asynchronous Clear ; 13    ;
; Number of registers using Asynchronous Load  ; 0     ;
; Number of registers using Clock Enable       ; 12    ;
; Number of registers using Preset             ; 0     ;
+----------------------------------------------+-------+


+-----------------------------------------------------------------------------------------------------------------------------------------------------------+
; Multiplexer Restructuring Statistics (Restructuring Performed)                                                                                            ;
+--------------------+-----------+---------------+----------------------+------------------------+------------+---------------------------------------------+
; Multiplexer Inputs ; Bus Width ; Baseline Area ; Area if Restructured ; Saving if Restructured ; Registered ; Example Multiplexer Output                  ;
+--------------------+-----------+---------------+----------------------+------------------------+------------+---------------------------------------------+
; 3:1                ; 2 bits    ; 4 LEs         ; 2 LEs                ; 2 LEs                  ; Yes        ; |Adder|Scan_Chain:SC|Scan_Reg:In_Reg|L2[0]  ;
; 4:1                ; 2 bits    ; 4 LEs         ; 2 LEs                ; 2 LEs                  ; Yes        ; |Adder|Scan_Chain:SC|Scan_Reg:In_Reg|L1[0]  ;
; 4:1                ; 8 bits    ; 16 LEs        ; 16 LEs               ; 0 LEs                  ; Yes        ; |Adder|Scan_Chain:SC|Scan_Reg:Out_Reg|L1[0] ;
+--------------------+-----------+---------------+----------------------+------------------------+------------+---------------------------------------------+


+------------------------------------------------------------+
; Parameter Settings for User Entity Instance: Scan_Chain:SC ;
+----------------+-------+-----------------------------------+
; Parameter Name ; Value ; Type                              ;
+----------------+-------+-----------------------------------+
; in_pins        ; 2     ; Signed Integer                    ;
; out_pins       ; 8     ; Signed Integer                    ;
+----------------+-------+-----------------------------------+
Note: In order to hide this table in the UI and the text report file, please set the "Show Parameter Settings in Synthesis Report" option in "Analysis and Synthesis Settings -> More Settings" to "Off".


+----------------------------------------------------------------------------+
; Parameter Settings for User Entity Instance: Scan_Chain:SC|Scan_Reg:In_Reg ;
+----------------+-------+---------------------------------------------------+
; Parameter Name ; Value ; Type                                              ;
+----------------+-------+---------------------------------------------------+
; length         ; 2     ; Signed Integer                                    ;
+----------------+-------+---------------------------------------------------+
Note: In order to hide this table in the UI and the text report file, please set the "Show Parameter Settings in Synthesis Report" option in "Analysis and Synthesis Settings -> More Settings" to "Off".


+-----------------------------------------------------------------------------+
; Parameter Settings for User Entity Instance: Scan_Chain:SC|Scan_Reg:Out_Reg ;
+----------------+-------+----------------------------------------------------+
; Parameter Name ; Value ; Type                                               ;
+----------------+-------+----------------------------------------------------+
; length         ; 8     ; Signed Integer                                     ;
+----------------+-------+----------------------------------------------------+
Note: In order to hide this table in the UI and the text report file, please set the "Show Parameter Settings in Synthesis Report" option in "Analysis and Synthesis Settings -> More Settings" to "Off".


+---------------------------------------------------------------------------------------------------------------------+
; Port Connectivity Checks: "Counter:DUT"                                                                             ;
+-----------+--------+----------+-------------------------------------------------------------------------------------+
; Port      ; Type   ; Severity ; Details                                                                             ;
+-----------+--------+----------+-------------------------------------------------------------------------------------+
; dummy_clk ; Output ; Info     ; Connected to dangling logic. Logic that only feeds a dangling port will be removed. ;
+-----------+--------+----------+-------------------------------------------------------------------------------------+


+----------------------------------------------------------------------------------------------------------------+
; Port Connectivity Checks: "Scan_Chain:SC|Scan_Reg:Out_Reg"                                                     ;
+------+--------+----------+-------------------------------------------------------------------------------------+
; Port ; Type   ; Severity ; Details                                                                             ;
+------+--------+----------+-------------------------------------------------------------------------------------+
; po   ; Output ; Info     ; Connected to dangling logic. Logic that only feeds a dangling port will be removed. ;
+------+--------+----------+-------------------------------------------------------------------------------------+


+-----------------------------------------------------------+
; Port Connectivity Checks: "Scan_Chain:SC|Scan_Reg:In_Reg" ;
+------+-------+----------+---------------------------------+
; Port ; Type  ; Severity ; Details                         ;
+------+-------+----------+---------------------------------+
; pi   ; Input ; Info     ; Stuck at GND                    ;
+------+-------+----------+---------------------------------+


+-------------------------------+
; Elapsed Time Per Partition    ;
+----------------+--------------+
; Partition Name ; Elapsed Time ;
+----------------+--------------+
; Top            ; 00:00:01     ;
+----------------+--------------+


+-------------------------------+
; Analysis & Synthesis Messages ;
+-------------------------------+
Info: *******************************************************************
Info: Running Quartus II 64-Bit Analysis & Synthesis
    Info: Version 13.1.0 Build 162 10/23/2013 SJ Web Edition
    Info: Processing started: Sat Mar 28 12:17:44 2015
Info: Command: quartus_map --read_settings_files=on --write_settings_files=off Adder -c Adder
Warning (20028): Parallel compilation is not licensed and has been disabled
Info (12021): Found 2 design units, including 1 entities, in source file Scan_Reg.vhd
    Info (12022): Found design unit 1: Scan_Reg-behave
    Info (12023): Found entity 1: Scan_Reg
Info (12021): Found 2 design units, including 1 entities, in source file Scan_Chain.vhd
    Info (12022): Found design unit 1: Scan_Chain-behave
    Info (12023): Found entity 1: Scan_Chain
Info (12021): Found 2 design units, including 1 entities, in source file Counter.vhd
    Info (12022): Found design unit 1: Counter-behave
    Info (12023): Found entity 1: Counter
Info (12021): Found 2 design units, including 1 entities, in source file Adder.vhd
    Info (12022): Found design unit 1: Adder-behave
    Info (12023): Found entity 1: Adder
Info (12127): Elaborating entity "Adder" for the top level hierarchy
Warning (10036): Verilog HDL or VHDL warning at Adder.vhd(54): object "dummy_clk" assigned a value but never read
Info (12128): Elaborating entity "Scan_Chain" for hierarchy "Scan_Chain:SC"
Warning (10631): VHDL Process Statement warning at Scan_Chain.vhd(72): inferring latch(es) for signal or variable "next_state", which holds its previous value in one or more paths through the process
Info (10041): Inferred latch for "next_state.s_update" at Scan_Chain.vhd(72)
Info (10041): Inferred latch for "next_state.s_shift" at Scan_Chain.vhd(72)
Info (10041): Inferred latch for "next_state.s_capture" at Scan_Chain.vhd(72)
Info (10041): Inferred latch for "next_state.s_DR" at Scan_Chain.vhd(72)
Info (10041): Inferred latch for "next_state.s_idle" at Scan_Chain.vhd(72)
Info (12128): Elaborating entity "Scan_Reg" for hierarchy "Scan_Chain:SC|Scan_Reg:In_Reg"
Info (12128): Elaborating entity "Scan_Reg" for hierarchy "Scan_Chain:SC|Scan_Reg:Out_Reg"
Info (12128): Elaborating entity "Counter" for hierarchy "Counter:DUT"
Warning (19016): Clock multiplexers are found and protected
    Warning (19017): Found clock multiplexer Scan_Chain:SC|Selector4~0
Info (286030): Timing-Driven Synthesis is running
Info (16010): Generating hard_block partition "hard_block:auto_generated_inst"
    Info (16011): Adding 0 node(s), including 0 DDIO, 0 PLL, 0 transceiver and 0 LCELL
Warning (21074): Design contains 1 input pin(s) that do not drive logic
    Warning (15610): No output dependent on input pin "clock_50"
Info (21057): Implemented 55 device resources after synthesis - the final resource count might be different
    Info (21058): Implemented 5 input pins
    Info (21059): Implemented 10 output pins
    Info (21061): Implemented 40 logic cells
Info: Quartus II 64-Bit Analysis & Synthesis was successful. 0 errors, 7 warnings
    Info: Peak virtual memory: 685 megabytes
    Info: Processing ended: Sat Mar 28 12:17:48 2015
    Info: Elapsed time: 00:00:04
    Info: Total CPU time (on all processors): 00:00:02


